<?xml version="1.0" encoding="UTF-8"?>
<testsuites name="Foody" time="35" tests="1" failures="1" errors="0">
   <testsuite name="Foody" tests="1" failures="1" errors="0" time="35" timestamp="2018-12-23 10:28:17" hostname="lenovo - 192.168.8.107" id="Test Suites/Foody">
      <properties>
         <property name="deviceName" value=""/>
         <property name="devicePlatform" value=""/>
         <property name="logFolder" value="C:\\Users\\lenovo\\Katalon Studio\\WebDemo\\Reports\\Foody\\20181223_102811"/>
         <property name="logFiles" value="C:\\Users\\lenovo\\Katalon Studio\\WebDemo\\Reports\\Foody\\20181223_102811\\execution0.log"/>
         <property name="attachments" value="C:\\Users\\lenovo\\Katalon Studio\\WebDemo\\Reports\\Foody\\20181223_102811\\1545535731841.png"/>
         <property name="hostName" value="lenovo - 192.168.8.107"/>
         <property name="os" value="Windows 10 64bit"/>
         <property name="katalonVersion" value="5.10.0.1"/>
         <property name="browser" value="Chrome 71.0.3578.98"/>
         <property name="hostAddress" value="192.168.8.107"/>
         <property name="sessionId" value="38918cddd51235aecd6bfe8564194bca"/>
         <property name="seleniumVersion" value="3.7.1"/>
         <property name="proxyInformation" value="ProxyInformation{proxyOption=NO_PROXY, proxyServerType=HTTP, password=, proxyServerAddress=, proxyServerPort=0}"/>
         <property name="platform" value="Windows 10"/>
      </properties>
      <testcase name="Test Cases/Login-Foody" classname="Test Cases/Login-Foody" status="PASSED">
         <system-out><![CDATA[2018-12-23 10:28:18 - [TEST_CASE][PASSED] - Test Cases/Login-Foody: Test Cases/Login-Foody

2018-12-23 10:28:18 - [TEST_STEP][PASSED] - openBrowser(""): Browser is opened with url: ''

2018-12-23 10:28:19 - [MESSAGE][INFO] - Starting 'Chrome' driver

2018-12-23 10:28:19 - [MESSAGE][INFO] - Action delay is set to 0 seconds

2018-12-23 10:28:22 - [MESSAGE][PASSED] - Browser is opened with url: ''

2018-12-23 10:28:22 - [TEST_STEP][PASSED] - navigateToUrl("https://www.foody.vn/ha-noi"): Navigate to 'https://www.foody.vn/ha-noi' successfully

2018-12-23 10:28:29 - [MESSAGE][PASSED] - Navigate to 'https://www.foody.vn/ha-noi' successfully

2018-12-23 10:28:29 - [TEST_STEP][PASSED] - click(findTestObject("Object Repository/Login/Page_a im n ung m thc n g  u ti H N/span_ng nhp")): Object: 'Object Repository/Login/Page_a im n ung m thc n g  u ti H N/span_ng nhp' is clicked on

2018-12-23 10:28:29 - [MESSAGE][PASSED] - Object: 'Object Repository/Login/Page_a im n ung m thc n g  u ti H N/span_ng nhp' is clicked on

2018-12-23 10:28:29 - [TEST_STEP][PASSED] - setText(findTestObject("Object Repository/Login/Page_Login/input_hoc bng email_Email"), "beso04"): Text 'beso04' is set on object 'Object Repository/Login/Page_Login/input_hoc bng email_Email'

2018-12-23 10:28:30 - [MESSAGE][PASSED] - Text 'beso04' is set on object 'Object Repository/Login/Page_Login/input_hoc bng email_Email'

2018-12-23 10:28:30 - [TEST_STEP][PASSED] - setEncryptedText(findTestObject("Object Repository/Login/Page_Login/input_hoc bng email_Password"), "4nvbrPglk7k="): Text ****** has been set on object 'Object Repository/Login/Page_Login/input_hoc bng email_Password'

2018-12-23 10:28:31 - [MESSAGE][PASSED] - Text ****** has been set on object 'Object Repository/Login/Page_Login/input_hoc bng email_Password'

2018-12-23 10:28:31 - [TEST_STEP][PASSED] - click(findTestObject("Object Repository/Login/Page_Login/input_Qun mt khu_bt_submit")): Object: 'Object Repository/Login/Page_Login/input_Qun mt khu_bt_submit' is clicked on

2018-12-23 10:28:31 - [MESSAGE][PASSED] - Object: 'Object Repository/Login/Page_Login/input_Qun mt khu_bt_submit' is clicked on]]></system-out>
         <system-err><![CDATA[]]></system-err>
      </testcase>
      <testcase name="Test Cases/Select Restaurant" classname="Test Cases/Select Restaurant" status="FAILED">
         <failure type="FAILED" message="Test Cases/Select Restaurant FAILED.
Reason:
com.kms.katalon.core.exception.StepFailedException: Unable to click on object 'Object Repository/Select Restaurant/Page_Tr Sa Heytea - Ng T S  Qun ng/span_' (Root cause: org.openqa.selenium.WebDriverException: unknown error: Element &lt;span class=&quot;btn-adding&quot; ng-show=&quot;item.is_available&quot; ng-click=&quot;addToCartFromMenu(item.id, item.price.value, item.price.value, 1, $event)&quot;>...&lt;/span> is not clickable at point (809, 647). Other element would receive the click: &lt;div class=&quot;modal-overlay velocity-animating&quot; id=&quot;materialize-modal-overlay-1&quot; style=&quot;z-index: 1002; display: block; opacity: 0;&quot;>&lt;/div>
  (Session info: chrome=71.0.3578.98)
  (Driver info: chromedriver=2.43.600210 (68dcf5eebde37173d4027fa8635e332711d2874a),platform=Windows NT 10.0.17134 x86_64) (WARNING: The server did not provide any stacktrace information)
Command duration or timeout: 0 milliseconds
Build info: version: '3.7.1', revision: '8a0099a', time: '2017-11-06T21:07:36.161Z'
System info: host: 'DESKTOP-IFMIH5C', ip: '192.168.8.107', os.name: 'Windows 10', os.arch: 'amd64', os.version: '10.0', java.version: '1.8.0_181'
Driver info: com.kms.katalon.selenium.driver.CChromeDriver
Capabilities {acceptInsecureCerts: false, acceptSslCerts: false, applicationCacheEnabled: false, browserConnectionEnabled: false, browserName: chrome, chrome: {chromedriverVersion: 2.43.600210 (68dcf5eebde371..., userDataDir: C:\Users\lenovo\AppData\Loc...}, cssSelectorsEnabled: true, databaseEnabled: false, goog:chromeOptions: {debuggerAddress: localhost:54712}, handlesAlerts: true, hasTouchScreen: false, javascriptEnabled: true, locationContextEnabled: true, mobileEmulationEnabled: false, nativeEvents: true, networkConnectionEnabled: false, pageLoadStrategy: normal, platform: XP, platformName: XP, rotatable: false, setWindowRect: true, takesHeapSnapshot: true, takesScreenshot: true, unexpectedAlertBehaviour: , unhandledPromptBehavior: , version: 71.0.3578.98, webStorageEnabled: true}
Session ID: 38918cddd51235aecd6bfe8564194bca)
	at com.kms.katalon.core.keyword.internal.KeywordMain.stepFailed(KeywordMain.groovy:36)
	at com.kms.katalon.core.webui.keyword.internal.WebUIKeywordMain.stepFailed(WebUIKeywordMain.groovy:65)
	at com.kms.katalon.core.webui.keyword.internal.WebUIKeywordMain.runKeyword(WebUIKeywordMain.groovy:27)
	at com.kms.katalon.core.webui.keyword.builtin.ClickKeyword.click(ClickKeyword.groovy:86)
	at com.kms.katalon.core.webui.keyword.builtin.ClickKeyword.execute(ClickKeyword.groovy:67)
	at com.kms.katalon.core.keyword.internal.KeywordExecutor.executeKeywordForPlatform(KeywordExecutor.groovy:53)
	at com.kms.katalon.core.webui.keyword.WebUiBuiltInKeywords.click(WebUiBuiltInKeywords.groovy:616)
	at com.kms.katalon.core.webui.keyword.WebUiBuiltInKeywords$click$1.call(Unknown Source)
	at Select Restaurant.run(Select Restaurant:36)
	at com.kms.katalon.core.main.ScriptEngine.run(ScriptEngine.java:194)
	at com.kms.katalon.core.main.ScriptEngine.runScriptAsRawText(ScriptEngine.java:119)
	at com.kms.katalon.core.main.TestCaseExecutor.runScript(TestCaseExecutor.java:328)
	at com.kms.katalon.core.main.TestCaseExecutor.doExecute(TestCaseExecutor.java:319)
	at com.kms.katalon.core.main.TestCaseExecutor.processExecutionPhase(TestCaseExecutor.java:298)
	at com.kms.katalon.core.main.TestCaseExecutor.accessMainPhase(TestCaseExecutor.java:290)
	at com.kms.katalon.core.main.TestCaseExecutor.execute(TestCaseExecutor.java:224)
	at com.kms.katalon.core.main.TestSuiteExecutor.accessTestCaseMainPhase(TestSuiteExecutor.java:129)
	at com.kms.katalon.core.main.TestSuiteExecutor.accessTestSuiteMainPhase(TestSuiteExecutor.java:112)
	at com.kms.katalon.core.main.TestSuiteExecutor.execute(TestSuiteExecutor.java:81)
	at com.kms.katalon.core.main.TestCaseMain.startTestSuite(TestCaseMain.java:149)
	at com.kms.katalon.core.main.TestCaseMain$startTestSuite$0.call(Unknown Source)
	at TempTestSuite1545535691154.run(TempTestSuite1545535691154.groovy:36)
"/>
         <system-out><![CDATA[2018-12-23 10:28:31 - [TEST_CASE][FAILED] - Test Cases/Select Restaurant: Test Cases/Select Restaurant FAILED.
Reason:
com.kms.katalon.core.exception.StepFailedException: Unable to click on object 'Object Repository/Select Restaurant/Page_Tr Sa Heytea - Ng T S  Qun ng/span_' (Root cause: org.openqa.selenium.WebDriverException: unknown error: Element <span class="btn-adding" ng-show="item.is_available" ng-click="addToCartFromMenu(item.id, item.price.value, item.price.value, 1, $event)">...</span> is not clickable at point (809, 647). Other element would receive the click: <div class="modal-overlay velocity-animating" id="materialize-modal-overlay-1" style="z-index: 1002; display: block; opacity: 0;"></div>
  (Session info: chrome=71.0.3578.98)
  (Driver info: chromedriver=2.43.600210 (68dcf5eebde37173d4027fa8635e332711d2874a),platform=Windows NT 10.0.17134 x86_64) (WARNING: The server did not provide any stacktrace information)
Command duration or timeout: 0 milliseconds
Build info: version: '3.7.1', revision: '8a0099a', time: '2017-11-06T21:07:36.161Z'
System info: host: 'DESKTOP-IFMIH5C', ip: '192.168.8.107', os.name: 'Windows 10', os.arch: 'amd64', os.version: '10.0', java.version: '1.8.0_181'
Driver info: com.kms.katalon.selenium.driver.CChromeDriver
Capabilities {acceptInsecureCerts: false, acceptSslCerts: false, applicationCacheEnabled: false, browserConnectionEnabled: false, browserName: chrome, chrome: {chromedriverVersion: 2.43.600210 (68dcf5eebde371..., userDataDir: C:\Users\lenovo\AppData\Loc...}, cssSelectorsEnabled: true, databaseEnabled: false, goog:chromeOptions: {debuggerAddress: localhost:54712}, handlesAlerts: true, hasTouchScreen: false, javascriptEnabled: true, locationContextEnabled: true, mobileEmulationEnabled: false, nativeEvents: true, networkConnectionEnabled: false, pageLoadStrategy: normal, platform: XP, platformName: XP, rotatable: false, setWindowRect: true, takesHeapSnapshot: true, takesScreenshot: true, unexpectedAlertBehaviour: , unhandledPromptBehavior: , version: 71.0.3578.98, webStorageEnabled: true}
Session ID: 38918cddd51235aecd6bfe8564194bca)
	at com.kms.katalon.core.keyword.internal.KeywordMain.stepFailed(KeywordMain.groovy:36)
	at com.kms.katalon.core.webui.keyword.internal.WebUIKeywordMain.stepFailed(WebUIKeywordMain.groovy:65)
	at com.kms.katalon.core.webui.keyword.internal.WebUIKeywordMain.runKeyword(WebUIKeywordMain.groovy:27)
	at com.kms.katalon.core.webui.keyword.builtin.ClickKeyword.click(ClickKeyword.groovy:86)
	at com.kms.katalon.core.webui.keyword.builtin.ClickKeyword.execute(ClickKeyword.groovy:67)
	at com.kms.katalon.core.keyword.internal.KeywordExecutor.executeKeywordForPlatform(KeywordExecutor.groovy:53)
	at com.kms.katalon.core.webui.keyword.WebUiBuiltInKeywords.click(WebUiBuiltInKeywords.groovy:616)
	at com.kms.katalon.core.webui.keyword.WebUiBuiltInKeywords$click$1.call(Unknown Source)
	at Select Restaurant.run(Select Restaurant:36)
	at com.kms.katalon.core.main.ScriptEngine.run(ScriptEngine.java:194)
	at com.kms.katalon.core.main.ScriptEngine.runScriptAsRawText(ScriptEngine.java:119)
	at com.kms.katalon.core.main.TestCaseExecutor.runScript(TestCaseExecutor.java:328)
	at com.kms.katalon.core.main.TestCaseExecutor.doExecute(TestCaseExecutor.java:319)
	at com.kms.katalon.core.main.TestCaseExecutor.processExecutionPhase(TestCaseExecutor.java:298)
	at com.kms.katalon.core.main.TestCaseExecutor.accessMainPhase(TestCaseExecutor.java:290)
	at com.kms.katalon.core.main.TestCaseExecutor.execute(TestCaseExecutor.java:224)
	at com.kms.katalon.core.main.TestSuiteExecutor.accessTestCaseMainPhase(TestSuiteExecutor.java:129)
	at com.kms.katalon.core.main.TestSuiteExecutor.accessTestSuiteMainPhase(TestSuiteExecutor.java:112)
	at com.kms.katalon.core.main.TestSuiteExecutor.execute(TestSuiteExecutor.java:81)
	at com.kms.katalon.core.main.TestCaseMain.startTestSuite(TestCaseMain.java:149)
	at com.kms.katalon.core.main.TestCaseMain$startTestSuite$0.call(Unknown Source)
	at TempTestSuite1545535691154.run(TempTestSuite1545535691154.groovy:36)


2018-12-23 10:28:32 - [TEST_STEP][PASSED] - openBrowser(""): Browser is opened with url: ''

2018-12-23 10:28:32 - [MESSAGE][WARNING] - A browser is already opened. Closing browser and opening a new one

2018-12-23 10:28:32 - [MESSAGE][INFO] - Starting 'Chrome' driver

2018-12-23 10:28:35 - [MESSAGE][PASSED] - Browser is opened with url: ''

2018-12-23 10:28:35 - [TEST_STEP][PASSED] - navigateToUrl("https://www.foody.vn/ha-noi"): Navigate to 'https://www.foody.vn/ha-noi' successfully

2018-12-23 10:28:42 - [MESSAGE][PASSED] - Navigate to 'https://www.foody.vn/ha-noi' successfully

2018-12-23 10:28:42 - [TEST_STEP][PASSED] - click(findTestObject("Object Repository/Select Restaurant/Page_a im n ung m thc n g  u ti H N/span_Tr Sa Heytea - Ng T S")): Object: 'Object Repository/Select Restaurant/Page_a im n ung m thc n g  u ti H N/span_Tr Sa Heytea - Ng T S' is clicked on

2018-12-23 10:28:42 - [MESSAGE][PASSED] - Object: 'Object Repository/Select Restaurant/Page_a im n ung m thc n g  u ti H N/span_Tr Sa Heytea - Ng T S' is clicked on

2018-12-23 10:28:42 - [TEST_STEP][PASSED] - switchToWindowTitle("Trà Sữa Heytea - Ngã Tư Sở ở Quận Đống Đa, Hà Nội | Đặt Giao Hàng | Foody.vn"): Switched to window with title: 'Trà Sữa Heytea - Ngã Tư Sở ở Quận Đống Đa, Hà Nội | Đặt Giao Hàng | Foody.vn'

2018-12-23 10:28:44 - [MESSAGE][PASSED] - Switched to window with title: 'Trà Sữa Heytea - Ngã Tư Sở ở Quận Đống Đa, Hà Nội | Đặt Giao Hàng | Foody.vn'

2018-12-23 10:28:44 - [TEST_STEP][PASSED] - click(findTestObject("Object Repository/Select Restaurant/Page_Tr Sa Heytea - Ng T S  Qun ng/span_")): Object: 'Object Repository/Select Restaurant/Page_Tr Sa Heytea - Ng T S  Qun ng/span_' is clicked on

2018-12-23 10:28:45 - [MESSAGE][PASSED] - Object: 'Object Repository/Select Restaurant/Page_Tr Sa Heytea - Ng T S  Qun ng/span_' is clicked on

2018-12-23 10:28:45 - [TEST_STEP][PASSED] - click(findTestObject("Object Repository/Select Restaurant/Page_Tr Sa Heytea - Ng T S  Qun ng/a_ng nhp")): Object: 'Object Repository/Select Restaurant/Page_Tr Sa Heytea - Ng T S  Qun ng/a_ng nhp' is clicked on

2018-12-23 10:28:47 - [MESSAGE][PASSED] - Object: 'Object Repository/Select Restaurant/Page_Tr Sa Heytea - Ng T S  Qun ng/a_ng nhp' is clicked on

2018-12-23 10:28:47 - [TEST_STEP][PASSED] - setText(findTestObject("Object Repository/Select Restaurant/Page_Login/input_hoc bng email_Email"), "sherry9999"): Text 'sherry9999' is set on object 'Object Repository/Select Restaurant/Page_Login/input_hoc bng email_Email'

2018-12-23 10:28:47 - [MESSAGE][PASSED] - Text 'sherry9999' is set on object 'Object Repository/Select Restaurant/Page_Login/input_hoc bng email_Email'

2018-12-23 10:28:47 - [TEST_STEP][PASSED] - setEncryptedText(findTestObject("Object Repository/Select Restaurant/Page_Login/input_hoc bng email_Password"), "aeHFOx8jV/A="): Text ****** has been set on object 'Object Repository/Select Restaurant/Page_Login/input_hoc bng email_Password'

2018-12-23 10:28:47 - [MESSAGE][PASSED] - Text ****** has been set on object 'Object Repository/Select Restaurant/Page_Login/input_hoc bng email_Password'

2018-12-23 10:28:47 - [TEST_STEP][PASSED] - click(findTestObject("Object Repository/Select Restaurant/Page_Login/input_Qun mt khu_bt_submit")): Object: 'Object Repository/Select Restaurant/Page_Login/input_Qun mt khu_bt_submit' is clicked on

2018-12-23 10:28:48 - [MESSAGE][PASSED] - Object: 'Object Repository/Select Restaurant/Page_Login/input_Qun mt khu_bt_submit' is clicked on

2018-12-23 10:28:48 - [TEST_STEP][PASSED] - click(findTestObject("Object Repository/Select Restaurant/Page_Tr Sa Heytea - Ng T S  Qun ng/span_")): Object: 'Object Repository/Select Restaurant/Page_Tr Sa Heytea - Ng T S  Qun ng/span_' is clicked on

2018-12-23 10:28:51 - [MESSAGE][PASSED] - Object: 'Object Repository/Select Restaurant/Page_Tr Sa Heytea - Ng T S  Qun ng/span_' is clicked on

2018-12-23 10:28:51 - [TEST_STEP][FAILED] - click(findTestObject("Object Repository/Select Restaurant/Page_Tr Sa Heytea - Ng T S  Qun ng/span_")): click(findTestObject("Object Repository/Select Restaurant/Page_Tr Sa Heytea - Ng T S  Qun ng/span_")) FAILED.
Reason:
com.kms.katalon.core.exception.StepFailedException: Unable to click on object 'Object Repository/Select Restaurant/Page_Tr Sa Heytea - Ng T S  Qun ng/span_' (Root cause: org.openqa.selenium.WebDriverException: unknown error: Element <span class="btn-adding" ng-show="item.is_available" ng-click="addToCartFromMenu(item.id, item.price.value, item.price.value, 1, $event)">...</span> is not clickable at point (809, 647). Other element would receive the click: <div class="modal-overlay velocity-animating" id="materialize-modal-overlay-1" style="z-index: 1002; display: block; opacity: 0;"></div>
  (Session info: chrome=71.0.3578.98)
  (Driver info: chromedriver=2.43.600210 (68dcf5eebde37173d4027fa8635e332711d2874a),platform=Windows NT 10.0.17134 x86_64) (WARNING: The server did not provide any stacktrace information)
Command duration or timeout: 0 milliseconds
Build info: version: '3.7.1', revision: '8a0099a', time: '2017-11-06T21:07:36.161Z'
System info: host: 'DESKTOP-IFMIH5C', ip: '192.168.8.107', os.name: 'Windows 10', os.arch: 'amd64', os.version: '10.0', java.version: '1.8.0_181'
Driver info: com.kms.katalon.selenium.driver.CChromeDriver
Capabilities {acceptInsecureCerts: false, acceptSslCerts: false, applicationCacheEnabled: false, browserConnectionEnabled: false, browserName: chrome, chrome: {chromedriverVersion: 2.43.600210 (68dcf5eebde371..., userDataDir: C:\Users\lenovo\AppData\Loc...}, cssSelectorsEnabled: true, databaseEnabled: false, goog:chromeOptions: {debuggerAddress: localhost:54712}, handlesAlerts: true, hasTouchScreen: false, javascriptEnabled: true, locationContextEnabled: true, mobileEmulationEnabled: false, nativeEvents: true, networkConnectionEnabled: false, pageLoadStrategy: normal, platform: XP, platformName: XP, rotatable: false, setWindowRect: true, takesHeapSnapshot: true, takesScreenshot: true, unexpectedAlertBehaviour: , unhandledPromptBehavior: , version: 71.0.3578.98, webStorageEnabled: true}
Session ID: 38918cddd51235aecd6bfe8564194bca)
	at com.kms.katalon.core.keyword.internal.KeywordMain.stepFailed(KeywordMain.groovy:36)
	at com.kms.katalon.core.webui.keyword.internal.WebUIKeywordMain.stepFailed(WebUIKeywordMain.groovy:65)
	at com.kms.katalon.core.webui.keyword.internal.WebUIKeywordMain.runKeyword(WebUIKeywordMain.groovy:27)
	at com.kms.katalon.core.webui.keyword.builtin.ClickKeyword.click(ClickKeyword.groovy:86)
	at com.kms.katalon.core.webui.keyword.builtin.ClickKeyword.execute(ClickKeyword.groovy:67)
	at com.kms.katalon.core.keyword.internal.KeywordExecutor.executeKeywordForPlatform(KeywordExecutor.groovy:53)
	at com.kms.katalon.core.webui.keyword.WebUiBuiltInKeywords.click(WebUiBuiltInKeywords.groovy:616)
	at com.kms.katalon.core.webui.keyword.WebUiBuiltInKeywords$click$1.call(Unknown Source)
	at Select Restaurant.run(Select Restaurant:36)
	at com.kms.katalon.core.main.ScriptEngine.run(ScriptEngine.java:194)
	at com.kms.katalon.core.main.ScriptEngine.runScriptAsRawText(ScriptEngine.java:119)
	at com.kms.katalon.core.main.TestCaseExecutor.runScript(TestCaseExecutor.java:328)
	at com.kms.katalon.core.main.TestCaseExecutor.doExecute(TestCaseExecutor.java:319)
	at com.kms.katalon.core.main.TestCaseExecutor.processExecutionPhase(TestCaseExecutor.java:298)
	at com.kms.katalon.core.main.TestCaseExecutor.accessMainPhase(TestCaseExecutor.java:290)
	at com.kms.katalon.core.main.TestCaseExecutor.execute(TestCaseExecutor.java:224)
	at com.kms.katalon.core.main.TestSuiteExecutor.accessTestCaseMainPhase(TestSuiteExecutor.java:129)
	at com.kms.katalon.core.main.TestSuiteExecutor.accessTestSuiteMainPhase(TestSuiteExecutor.java:112)
	at com.kms.katalon.core.main.TestSuiteExecutor.execute(TestSuiteExecutor.java:81)
	at com.kms.katalon.core.main.TestCaseMain.startTestSuite(TestCaseMain.java:149)
	at com.kms.katalon.core.main.TestCaseMain$startTestSuite$0.call(Unknown Source)
	at TempTestSuite1545535691154.run(TempTestSuite1545535691154.groovy:36)


2018-12-23 10:28:52 - [MESSAGE][FAILED] - Unable to click on object 'Object Repository/Select Restaurant/Page_Tr Sa Heytea - Ng T S  Qun ng/span_' (Root cause: org.openqa.selenium.WebDriverException: unknown error: Element <span class="btn-adding" ng-show="item.is_available" ng-click="addToCartFromMenu(item.id, item.price.value, item.price.value, 1, $event)">...</span> is not clickable at point (809, 647). Other element would receive the click: <div class="modal-overlay velocity-animating" id="materialize-modal-overlay-1" style="z-index: 1002; display: block; opacity: 0;"></div>
  (Session info: chrome=71.0.3578.98)
  (Driver info: chromedriver=2.43.600210 (68dcf5eebde37173d4027fa8635e332711d2874a),platform=Windows NT 10.0.17134 x86_64) (WARNING: The server did not provide any stacktrace information)
Command duration or timeout: 0 milliseconds
Build info: version: '3.7.1', revision: '8a0099a', time: '2017-11-06T21:07:36.161Z'
System info: host: 'DESKTOP-IFMIH5C', ip: '192.168.8.107', os.name: 'Windows 10', os.arch: 'amd64', os.version: '10.0', java.version: '1.8.0_181'
Driver info: com.kms.katalon.selenium.driver.CChromeDriver
Capabilities {acceptInsecureCerts: false, acceptSslCerts: false, applicationCacheEnabled: false, browserConnectionEnabled: false, browserName: chrome, chrome: {chromedriverVersion: 2.43.600210 (68dcf5eebde371..., userDataDir: C:\Users\lenovo\AppData\Loc...}, cssSelectorsEnabled: true, databaseEnabled: false, goog:chromeOptions: {debuggerAddress: localhost:54712}, handlesAlerts: true, hasTouchScreen: false, javascriptEnabled: true, locationContextEnabled: true, mobileEmulationEnabled: false, nativeEvents: true, networkConnectionEnabled: false, pageLoadStrategy: normal, platform: XP, platformName: XP, rotatable: false, setWindowRect: true, takesHeapSnapshot: true, takesScreenshot: true, unexpectedAlertBehaviour: , unhandledPromptBehavior: , version: 71.0.3578.98, webStorageEnabled: true}
Session ID: 38918cddd51235aecd6bfe8564194bca)
[[ATTACHMENT|C:\\Users\\lenovo\\Katalon Studio\\WebDemo\\Reports\\Foody\\20181223_102811\\1545535731841.png]]

2018-12-23 10:28:52 - [MESSAGE][FAILED] - click(findTestObject("Object Repository/Select Restaurant/Page_Tr Sa Heytea - Ng T S  Qun ng/span_")) FAILED.
Reason:
com.kms.katalon.core.exception.StepFailedException: Unable to click on object 'Object Repository/Select Restaurant/Page_Tr Sa Heytea - Ng T S  Qun ng/span_' (Root cause: org.openqa.selenium.WebDriverException: unknown error: Element <span class="btn-adding" ng-show="item.is_available" ng-click="addToCartFromMenu(item.id, item.price.value, item.price.value, 1, $event)">...</span> is not clickable at point (809, 647). Other element would receive the click: <div class="modal-overlay velocity-animating" id="materialize-modal-overlay-1" style="z-index: 1002; display: block; opacity: 0;"></div>
  (Session info: chrome=71.0.3578.98)
  (Driver info: chromedriver=2.43.600210 (68dcf5eebde37173d4027fa8635e332711d2874a),platform=Windows NT 10.0.17134 x86_64) (WARNING: The server did not provide any stacktrace information)
Command duration or timeout: 0 milliseconds
Build info: version: '3.7.1', revision: '8a0099a', time: '2017-11-06T21:07:36.161Z'
System info: host: 'DESKTOP-IFMIH5C', ip: '192.168.8.107', os.name: 'Windows 10', os.arch: 'amd64', os.version: '10.0', java.version: '1.8.0_181'
Driver info: com.kms.katalon.selenium.driver.CChromeDriver
Capabilities {acceptInsecureCerts: false, acceptSslCerts: false, applicationCacheEnabled: false, browserConnectionEnabled: false, browserName: chrome, chrome: {chromedriverVersion: 2.43.600210 (68dcf5eebde371..., userDataDir: C:\Users\lenovo\AppData\Loc...}, cssSelectorsEnabled: true, databaseEnabled: false, goog:chromeOptions: {debuggerAddress: localhost:54712}, handlesAlerts: true, hasTouchScreen: false, javascriptEnabled: true, locationContextEnabled: true, mobileEmulationEnabled: false, nativeEvents: true, networkConnectionEnabled: false, pageLoadStrategy: normal, platform: XP, platformName: XP, rotatable: false, setWindowRect: true, takesHeapSnapshot: true, takesScreenshot: true, unexpectedAlertBehaviour: , unhandledPromptBehavior: , version: 71.0.3578.98, webStorageEnabled: true}
Session ID: 38918cddd51235aecd6bfe8564194bca)
	at com.kms.katalon.core.keyword.internal.KeywordMain.stepFailed(KeywordMain.groovy:36)
	at com.kms.katalon.core.webui.keyword.internal.WebUIKeywordMain.stepFailed(WebUIKeywordMain.groovy:65)
	at com.kms.katalon.core.webui.keyword.internal.WebUIKeywordMain.runKeyword(WebUIKeywordMain.groovy:27)
	at com.kms.katalon.core.webui.keyword.builtin.ClickKeyword.click(ClickKeyword.groovy:86)
	at com.kms.katalon.core.webui.keyword.builtin.ClickKeyword.execute(ClickKeyword.groovy:67)
	at com.kms.katalon.core.keyword.internal.KeywordExecutor.executeKeywordForPlatform(KeywordExecutor.groovy:53)
	at com.kms.katalon.core.webui.keyword.WebUiBuiltInKeywords.click(WebUiBuiltInKeywords.groovy:616)
	at com.kms.katalon.core.webui.keyword.WebUiBuiltInKeywords$click$1.call(Unknown Source)
	at Select Restaurant.run(Select Restaurant:36)
	at com.kms.katalon.core.main.ScriptEngine.run(ScriptEngine.java:194)
	at com.kms.katalon.core.main.ScriptEngine.runScriptAsRawText(ScriptEngine.java:119)
	at com.kms.katalon.core.main.TestCaseExecutor.runScript(TestCaseExecutor.java:328)
	at com.kms.katalon.core.main.TestCaseExecutor.doExecute(TestCaseExecutor.java:319)
	at com.kms.katalon.core.main.TestCaseExecutor.processExecutionPhase(TestCaseExecutor.java:298)
	at com.kms.katalon.core.main.TestCaseExecutor.accessMainPhase(TestCaseExecutor.java:290)
	at com.kms.katalon.core.main.TestCaseExecutor.execute(TestCaseExecutor.java:224)
	at com.kms.katalon.core.main.TestSuiteExecutor.accessTestCaseMainPhase(TestSuiteExecutor.java:129)
	at com.kms.katalon.core.main.TestSuiteExecutor.accessTestSuiteMainPhase(TestSuiteExecutor.java:112)
	at com.kms.katalon.core.main.TestSuiteExecutor.execute(TestSuiteExecutor.java:81)
	at com.kms.katalon.core.main.TestCaseMain.startTestSuite(TestCaseMain.java:149)
	at com.kms.katalon.core.main.TestCaseMain$startTestSuite$0.call(Unknown Source)
	at TempTestSuite1545535691154.run(TempTestSuite1545535691154.groovy:36)]]></system-out>
         <system-err><![CDATA[2018-12-23 10:28:31 - [TEST_CASE][FAILED] - Test Cases/Select Restaurant: Test Cases/Select Restaurant FAILED.
Reason:
com.kms.katalon.core.exception.StepFailedException: Unable to click on object 'Object Repository/Select Restaurant/Page_Tr Sa Heytea - Ng T S  Qun ng/span_' (Root cause: org.openqa.selenium.WebDriverException: unknown error: Element <span class="btn-adding" ng-show="item.is_available" ng-click="addToCartFromMenu(item.id, item.price.value, item.price.value, 1, $event)">...</span> is not clickable at point (809, 647). Other element would receive the click: <div class="modal-overlay velocity-animating" id="materialize-modal-overlay-1" style="z-index: 1002; display: block; opacity: 0;"></div>
  (Session info: chrome=71.0.3578.98)
  (Driver info: chromedriver=2.43.600210 (68dcf5eebde37173d4027fa8635e332711d2874a),platform=Windows NT 10.0.17134 x86_64) (WARNING: The server did not provide any stacktrace information)
Command duration or timeout: 0 milliseconds
Build info: version: '3.7.1', revision: '8a0099a', time: '2017-11-06T21:07:36.161Z'
System info: host: 'DESKTOP-IFMIH5C', ip: '192.168.8.107', os.name: 'Windows 10', os.arch: 'amd64', os.version: '10.0', java.version: '1.8.0_181'
Driver info: com.kms.katalon.selenium.driver.CChromeDriver
Capabilities {acceptInsecureCerts: false, acceptSslCerts: false, applicationCacheEnabled: false, browserConnectionEnabled: false, browserName: chrome, chrome: {chromedriverVersion: 2.43.600210 (68dcf5eebde371..., userDataDir: C:\Users\lenovo\AppData\Loc...}, cssSelectorsEnabled: true, databaseEnabled: false, goog:chromeOptions: {debuggerAddress: localhost:54712}, handlesAlerts: true, hasTouchScreen: false, javascriptEnabled: true, locationContextEnabled: true, mobileEmulationEnabled: false, nativeEvents: true, networkConnectionEnabled: false, pageLoadStrategy: normal, platform: XP, platformName: XP, rotatable: false, setWindowRect: true, takesHeapSnapshot: true, takesScreenshot: true, unexpectedAlertBehaviour: , unhandledPromptBehavior: , version: 71.0.3578.98, webStorageEnabled: true}
Session ID: 38918cddd51235aecd6bfe8564194bca)
	at com.kms.katalon.core.keyword.internal.KeywordMain.stepFailed(KeywordMain.groovy:36)
	at com.kms.katalon.core.webui.keyword.internal.WebUIKeywordMain.stepFailed(WebUIKeywordMain.groovy:65)
	at com.kms.katalon.core.webui.keyword.internal.WebUIKeywordMain.runKeyword(WebUIKeywordMain.groovy:27)
	at com.kms.katalon.core.webui.keyword.builtin.ClickKeyword.click(ClickKeyword.groovy:86)
	at com.kms.katalon.core.webui.keyword.builtin.ClickKeyword.execute(ClickKeyword.groovy:67)
	at com.kms.katalon.core.keyword.internal.KeywordExecutor.executeKeywordForPlatform(KeywordExecutor.groovy:53)
	at com.kms.katalon.core.webui.keyword.WebUiBuiltInKeywords.click(WebUiBuiltInKeywords.groovy:616)
	at com.kms.katalon.core.webui.keyword.WebUiBuiltInKeywords$click$1.call(Unknown Source)
	at Select Restaurant.run(Select Restaurant:36)
	at com.kms.katalon.core.main.ScriptEngine.run(ScriptEngine.java:194)
	at com.kms.katalon.core.main.ScriptEngine.runScriptAsRawText(ScriptEngine.java:119)
	at com.kms.katalon.core.main.TestCaseExecutor.runScript(TestCaseExecutor.java:328)
	at com.kms.katalon.core.main.TestCaseExecutor.doExecute(TestCaseExecutor.java:319)
	at com.kms.katalon.core.main.TestCaseExecutor.processExecutionPhase(TestCaseExecutor.java:298)
	at com.kms.katalon.core.main.TestCaseExecutor.accessMainPhase(TestCaseExecutor.java:290)
	at com.kms.katalon.core.main.TestCaseExecutor.execute(TestCaseExecutor.java:224)
	at com.kms.katalon.core.main.TestSuiteExecutor.accessTestCaseMainPhase(TestSuiteExecutor.java:129)
	at com.kms.katalon.core.main.TestSuiteExecutor.accessTestSuiteMainPhase(TestSuiteExecutor.java:112)
	at com.kms.katalon.core.main.TestSuiteExecutor.execute(TestSuiteExecutor.java:81)
	at com.kms.katalon.core.main.TestCaseMain.startTestSuite(TestCaseMain.java:149)
	at com.kms.katalon.core.main.TestCaseMain$startTestSuite$0.call(Unknown Source)
	at TempTestSuite1545535691154.run(TempTestSuite1545535691154.groovy:36)]]></system-err>
      </testcase>
      <system-out><![CDATA[2018-12-23 10:28:17 - [TEST_SUITE][FAILED] - Foody: Test Cases/Select Restaurant FAILED.
Reason:
com.kms.katalon.core.exception.StepFailedException: Unable to click on object 'Object Repository/Select Restaurant/Page_Tr Sa Heytea - Ng T S  Qun ng/span_' (Root cause: org.openqa.selenium.WebDriverException: unknown error: Element <span class="btn-adding" ng-show="item.is_available" ng-click="addToCartFromMenu(item.id, item.price.value, item.price.value, 1, $event)">...</span> is not clickable at point (809, 647). Other element would receive the click: <div class="modal-overlay velocity-animating" id="materialize-modal-overlay-1" style="z-index: 1002; display: block; opacity: 0;"></div>
  (Session info: chrome=71.0.3578.98)
  (Driver info: chromedriver=2.43.600210 (68dcf5eebde37173d4027fa8635e332711d2874a),platform=Windows NT 10.0.17134 x86_64) (WARNING: The server did not provide any stacktrace information)
Command duration or timeout: 0 milliseconds
Build info: version: '3.7.1', revision: '8a0099a', time: '2017-11-06T21:07:36.161Z'
System info: host: 'DESKTOP-IFMIH5C', ip: '192.168.8.107', os.name: 'Windows 10', os.arch: 'amd64', os.version: '10.0', java.version: '1.8.0_181'
Driver info: com.kms.katalon.selenium.driver.CChromeDriver
Capabilities {acceptInsecureCerts: false, acceptSslCerts: false, applicationCacheEnabled: false, browserConnectionEnabled: false, browserName: chrome, chrome: {chromedriverVersion: 2.43.600210 (68dcf5eebde371..., userDataDir: C:\Users\lenovo\AppData\Loc...}, cssSelectorsEnabled: true, databaseEnabled: false, goog:chromeOptions: {debuggerAddress: localhost:54712}, handlesAlerts: true, hasTouchScreen: false, javascriptEnabled: true, locationContextEnabled: true, mobileEmulationEnabled: false, nativeEvents: true, networkConnectionEnabled: false, pageLoadStrategy: normal, platform: XP, platformName: XP, rotatable: false, setWindowRect: true, takesHeapSnapshot: true, takesScreenshot: true, unexpectedAlertBehaviour: , unhandledPromptBehavior: , version: 71.0.3578.98, webStorageEnabled: true}
Session ID: 38918cddd51235aecd6bfe8564194bca)
	at com.kms.katalon.core.keyword.internal.KeywordMain.stepFailed(KeywordMain.groovy:36)
	at com.kms.katalon.core.webui.keyword.internal.WebUIKeywordMain.stepFailed(WebUIKeywordMain.groovy:65)
	at com.kms.katalon.core.webui.keyword.internal.WebUIKeywordMain.runKeyword(WebUIKeywordMain.groovy:27)
	at com.kms.katalon.core.webui.keyword.builtin.ClickKeyword.click(ClickKeyword.groovy:86)
	at com.kms.katalon.core.webui.keyword.builtin.ClickKeyword.execute(ClickKeyword.groovy:67)
	at com.kms.katalon.core.keyword.internal.KeywordExecutor.executeKeywordForPlatform(KeywordExecutor.groovy:53)
	at com.kms.katalon.core.webui.keyword.WebUiBuiltInKeywords.click(WebUiBuiltInKeywords.groovy:616)
	at com.kms.katalon.core.webui.keyword.WebUiBuiltInKeywords$click$1.call(Unknown Source)
	at Select Restaurant.run(Select Restaurant:36)
	at com.kms.katalon.core.main.ScriptEngine.run(ScriptEngine.java:194)
	at com.kms.katalon.core.main.ScriptEngine.runScriptAsRawText(ScriptEngine.java:119)
	at com.kms.katalon.core.main.TestCaseExecutor.runScript(TestCaseExecutor.java:328)
	at com.kms.katalon.core.main.TestCaseExecutor.doExecute(TestCaseExecutor.java:319)
	at com.kms.katalon.core.main.TestCaseExecutor.processExecutionPhase(TestCaseExecutor.java:298)
	at com.kms.katalon.core.main.TestCaseExecutor.accessMainPhase(TestCaseExecutor.java:290)
	at com.kms.katalon.core.main.TestCaseExecutor.execute(TestCaseExecutor.java:224)
	at com.kms.katalon.core.main.TestSuiteExecutor.accessTestCaseMainPhase(TestSuiteExecutor.java:129)
	at com.kms.katalon.core.main.TestSuiteExecutor.accessTestSuiteMainPhase(TestSuiteExecutor.java:112)
	at com.kms.katalon.core.main.TestSuiteExecutor.execute(TestSuiteExecutor.java:81)
	at com.kms.katalon.core.main.TestCaseMain.startTestSuite(TestCaseMain.java:149)
	at com.kms.katalon.core.main.TestCaseMain$startTestSuite$0.call(Unknown Source)
	at TempTestSuite1545535691154.run(TempTestSuite1545535691154.groovy:36)]]></system-out>
      <system-err><![CDATA[2018-12-23 10:28:17 - [TEST_SUITE][FAILED] - Foody: Test Cases/Select Restaurant FAILED.
Reason:
com.kms.katalon.core.exception.StepFailedException: Unable to click on object 'Object Repository/Select Restaurant/Page_Tr Sa Heytea - Ng T S  Qun ng/span_' (Root cause: org.openqa.selenium.WebDriverException: unknown error: Element <span class="btn-adding" ng-show="item.is_available" ng-click="addToCartFromMenu(item.id, item.price.value, item.price.value, 1, $event)">...</span> is not clickable at point (809, 647). Other element would receive the click: <div class="modal-overlay velocity-animating" id="materialize-modal-overlay-1" style="z-index: 1002; display: block; opacity: 0;"></div>
  (Session info: chrome=71.0.3578.98)
  (Driver info: chromedriver=2.43.600210 (68dcf5eebde37173d4027fa8635e332711d2874a),platform=Windows NT 10.0.17134 x86_64) (WARNING: The server did not provide any stacktrace information)
Command duration or timeout: 0 milliseconds
Build info: version: '3.7.1', revision: '8a0099a', time: '2017-11-06T21:07:36.161Z'
System info: host: 'DESKTOP-IFMIH5C', ip: '192.168.8.107', os.name: 'Windows 10', os.arch: 'amd64', os.version: '10.0', java.version: '1.8.0_181'
Driver info: com.kms.katalon.selenium.driver.CChromeDriver
Capabilities {acceptInsecureCerts: false, acceptSslCerts: false, applicationCacheEnabled: false, browserConnectionEnabled: false, browserName: chrome, chrome: {chromedriverVersion: 2.43.600210 (68dcf5eebde371..., userDataDir: C:\Users\lenovo\AppData\Loc...}, cssSelectorsEnabled: true, databaseEnabled: false, goog:chromeOptions: {debuggerAddress: localhost:54712}, handlesAlerts: true, hasTouchScreen: false, javascriptEnabled: true, locationContextEnabled: true, mobileEmulationEnabled: false, nativeEvents: true, networkConnectionEnabled: false, pageLoadStrategy: normal, platform: XP, platformName: XP, rotatable: false, setWindowRect: true, takesHeapSnapshot: true, takesScreenshot: true, unexpectedAlertBehaviour: , unhandledPromptBehavior: , version: 71.0.3578.98, webStorageEnabled: true}
Session ID: 38918cddd51235aecd6bfe8564194bca)
	at com.kms.katalon.core.keyword.internal.KeywordMain.stepFailed(KeywordMain.groovy:36)
	at com.kms.katalon.core.webui.keyword.internal.WebUIKeywordMain.stepFailed(WebUIKeywordMain.groovy:65)
	at com.kms.katalon.core.webui.keyword.internal.WebUIKeywordMain.runKeyword(WebUIKeywordMain.groovy:27)
	at com.kms.katalon.core.webui.keyword.builtin.ClickKeyword.click(ClickKeyword.groovy:86)
	at com.kms.katalon.core.webui.keyword.builtin.ClickKeyword.execute(ClickKeyword.groovy:67)
	at com.kms.katalon.core.keyword.internal.KeywordExecutor.executeKeywordForPlatform(KeywordExecutor.groovy:53)
	at com.kms.katalon.core.webui.keyword.WebUiBuiltInKeywords.click(WebUiBuiltInKeywords.groovy:616)
	at com.kms.katalon.core.webui.keyword.WebUiBuiltInKeywords$click$1.call(Unknown Source)
	at Select Restaurant.run(Select Restaurant:36)
	at com.kms.katalon.core.main.ScriptEngine.run(ScriptEngine.java:194)
	at com.kms.katalon.core.main.ScriptEngine.runScriptAsRawText(ScriptEngine.java:119)
	at com.kms.katalon.core.main.TestCaseExecutor.runScript(TestCaseExecutor.java:328)
	at com.kms.katalon.core.main.TestCaseExecutor.doExecute(TestCaseExecutor.java:319)
	at com.kms.katalon.core.main.TestCaseExecutor.processExecutionPhase(TestCaseExecutor.java:298)
	at com.kms.katalon.core.main.TestCaseExecutor.accessMainPhase(TestCaseExecutor.java:290)
	at com.kms.katalon.core.main.TestCaseExecutor.execute(TestCaseExecutor.java:224)
	at com.kms.katalon.core.main.TestSuiteExecutor.accessTestCaseMainPhase(TestSuiteExecutor.java:129)
	at com.kms.katalon.core.main.TestSuiteExecutor.accessTestSuiteMainPhase(TestSuiteExecutor.java:112)
	at com.kms.katalon.core.main.TestSuiteExecutor.execute(TestSuiteExecutor.java:81)
	at com.kms.katalon.core.main.TestCaseMain.startTestSuite(TestCaseMain.java:149)
	at com.kms.katalon.core.main.TestCaseMain$startTestSuite$0.call(Unknown Source)
	at TempTestSuite1545535691154.run(TempTestSuite1545535691154.groovy:36)]]></system-err>
   </testsuite>
</testsuites>
